     1                                  extern printf
     2                                  
     3                                  section .data
     4 00000000 1027000000000000            number  dq  10000      ; 8bytes (quadword)
     5 00000008 5468652073756D2066-         fmt db  "The sum from 0 to %ld is %ld",10,0
     5 00000011 726F6D203020746F20-
     5 0000001A 256C6420697320256C-
     5 00000023 640A00             
     6                                      
     7                                  section .bss
     8                                  
     9                                  section .text
    10                                  
    11                                  global main
    12                                      
    13                                      
    14                                  main:
    15 00000000 55                          push rbp
    16 00000001 4889E5                      mov  rbp,    rsp
    17                                     
    18 00000004 488B0C25[00000000]          mov  rcx,    [number]
    19 0000000C B800000000                  mov  rax,    0
    20                                     
    21                                  bloop:
    22 00000011 4801C8                      add rax,    rcx
    23 00000014 E2FB                        loop    bloop
    24                                      
    25 00000016 48BF-                       mov rdi,    fmt
    25 00000018 [0800000000000000] 
    26 00000020 488B3425[00000000]          mov rsi,    [number]
    27 00000028 4889C2                      mov rdx,    rax
    28 0000002B B800000000                  mov rax,    0
    29                                      
    30                                      
    31 00000030 E8(00000000)                call printf
    32                                      
    33 00000035 4889EC                      mov rsp,    rbp
    34 00000038 5D                          pop rbp
    35 00000039 C3                          ret
